Error saving chunk 1 to resultsPath: ENOENT: no such file or directory, open 'cypress/fixtures/QA/2024-08-13-QA-Selenium-chunk-1.json'
Error saving chunk 1 to targetPath: ENOENT: no such file or directory, open '/Desktop/jobs-to-apply/QA/2024-08-13-QA-Selenium-chunk-1.json'
Error saving chunk 2 to resultsPath: ENOENT: no such file or directory, open 'cypress/fixtures/QA/2024-08-13-QA-Selenium-chunk-2.json'
Error saving chunk 2 to targetPath: ENOENT: no such file or directory, open '/Desktop/jobs-to-apply/QA/2024-08-13-QA-Selenium-chunk-2.json'
Error saving chunk 3 to resultsPath: ENOENT: no such file or directory, open 'cypress/fixtures/QA/2024-08-13-QA-Selenium-chunk-3.json'
Error saving chunk 3 to targetPath: ENOENT: no such file or directory, open '/Desktop/jobs-to-apply/QA/2024-08-13-QA-Selenium-chunk-3.json'
Error saving chunk 4 to resultsPath: ENOENT: no such file or directory, open 'cypress/fixtures/QA/2024-08-13-QA-Selenium-chunk-4.json'
Error saving chunk 4 to targetPath: ENOENT: no such file or directory, open '/Desktop/jobs-to-apply/QA/2024-08-13-QA-Selenium-chunk-4.json'
Error saving chunk 5 to resultsPath: ENOENT: no such file or directory, open 'cypress/fixtures/QA/2024-08-13-QA-Selenium-chunk-5.json'
Error saving chunk 5 to targetPath: ENOENT: no such file or directory, open '/Desktop/jobs-to-apply/QA/2024-08-13-QA-Selenium-chunk-5.json'
Error saving chunk 1 to resultsPath: ENOENT: no such file or directory, open 'cypress/fixtures/QA/2024-08-13-QA-Appium-chunk-1.json'
Error saving chunk 1 to targetPath: ENOENT: no such file or directory, open '/Desktop/jobs-to-apply/QA/2024-08-13-QA-Appium-chunk-1.json'
Error saving chunk 2 to resultsPath: ENOENT: no such file or directory, open 'cypress/fixtures/QA/2024-08-13-QA-Appium-chunk-2.json'
Error saving chunk 2 to targetPath: ENOENT: no such file or directory, open '/Desktop/jobs-to-apply/QA/2024-08-13-QA-Appium-chunk-2.json'
Error saving chunk 3 to resultsPath: ENOENT: no such file or directory, open 'cypress/fixtures/QA/2024-08-13-QA-Appium-chunk-3.json'
Error saving chunk 3 to targetPath: ENOENT: no such file or directory, open '/Desktop/jobs-to-apply/QA/2024-08-13-QA-Appium-chunk-3.json'
Error saving chunk 4 to resultsPath: ENOENT: no such file or directory, open 'cypress/fixtures/QA/2024-08-13-QA-Appium-chunk-4.json'
Error saving chunk 4 to targetPath: ENOENT: no such file or directory, open '/Desktop/jobs-to-apply/QA/2024-08-13-QA-Appium-chunk-4.json'
Error saving chunk 5 to resultsPath: ENOENT: no such file or directory, open 'cypress/fixtures/QA/2024-08-13-QA-Appium-chunk-5.json'
Error saving chunk 5 to targetPath: ENOENT: no such file or directory, open '/Desktop/jobs-to-apply/QA/2024-08-13-QA-Appium-chunk-5.json'
Error saving chunk 1 to resultsPath: ENOENT: no such file or directory, open 'cypress/fixtures/QA/2024-08-13-QA-JMeter-chunk-1.json'
Error saving chunk 1 to targetPath: ENOENT: no such file or directory, open '/Desktop/jobs-to-apply/QA/2024-08-13-QA-JMeter-chunk-1.json'
Error saving chunk 2 to resultsPath: ENOENT: no such file or directory, open 'cypress/fixtures/QA/2024-08-13-QA-JMeter-chunk-2.json'
Error saving chunk 2 to targetPath: ENOENT: no such file or directory, open '/Desktop/jobs-to-apply/QA/2024-08-13-QA-JMeter-chunk-2.json'
Error saving chunk 3 to resultsPath: ENOENT: no such file or directory, open 'cypress/fixtures/QA/2024-08-13-QA-JMeter-chunk-3.json'
Error saving chunk 3 to targetPath: ENOENT: no such file or directory, open '/Desktop/jobs-to-apply/QA/2024-08-13-QA-JMeter-chunk-3.json'
Error saving chunk 4 to resultsPath: ENOENT: no such file or directory, open 'cypress/fixtures/QA/2024-08-13-QA-JMeter-chunk-4.json'
Error saving chunk 4 to targetPath: ENOENT: no such file or directory, open '/Desktop/jobs-to-apply/QA/2024-08-13-QA-JMeter-chunk-4.json'
Error saving chunk 5 to resultsPath: ENOENT: no such file or directory, open 'cypress/fixtures/QA/2024-08-13-QA-JMeter-chunk-5.json'
Error saving chunk 5 to targetPath: ENOENT: no such file or directory, open '/Desktop/jobs-to-apply/QA/2024-08-13-QA-JMeter-chunk-5.json'
Error saving chunk 1 to resultsPath: ENOENT: no such file or directory, open 'cypress/fixtures/QA/2024-08-13-QA-Cypress-chunk-1.json'
Error saving chunk 1 to targetPath: ENOENT: no such file or directory, open '/Desktop/jobs-to-apply/QA/2024-08-13-QA-Cypress-chunk-1.json'
Error saving chunk 2 to resultsPath: ENOENT: no such file or directory, open 'cypress/fixtures/QA/2024-08-13-QA-Cypress-chunk-2.json'
Error saving chunk 2 to targetPath: ENOENT: no such file or directory, open '/Desktop/jobs-to-apply/QA/2024-08-13-QA-Cypress-chunk-2.json'
Error saving chunk 3 to resultsPath: ENOENT: no such file or directory, open 'cypress/fixtures/QA/2024-08-13-QA-Cypress-chunk-3.json'
Error saving chunk 3 to targetPath: ENOENT: no such file or directory, open '/Desktop/jobs-to-apply/QA/2024-08-13-QA-Cypress-chunk-3.json'
Error saving chunk 4 to resultsPath: ENOENT: no such file or directory, open 'cypress/fixtures/QA/2024-08-13-QA-Cypress-chunk-4.json'
Error saving chunk 4 to targetPath: ENOENT: no such file or directory, open '/Desktop/jobs-to-apply/QA/2024-08-13-QA-Cypress-chunk-4.json'
Error saving chunk 5 to resultsPath: ENOENT: no such file or directory, open 'cypress/fixtures/QA/2024-08-13-QA-Cypress-chunk-5.json'
Error saving chunk 5 to targetPath: ENOENT: no such file or directory, open '/Desktop/jobs-to-apply/QA/2024-08-13-QA-Cypress-chunk-5.json'
Error saving chunk 1 to resultsPath: ENOENT: no such file or directory, open 'cypress/fixtures/QA/2024-08-13-QA-Postman-chunk-1.json'
Error saving chunk 1 to targetPath: ENOENT: no such file or directory, open '/Desktop/jobs-to-apply/QA/2024-08-13-QA-Postman-chunk-1.json'
Error saving chunk 2 to resultsPath: ENOENT: no such file or directory, open 'cypress/fixtures/QA/2024-08-13-QA-Postman-chunk-2.json'
Error saving chunk 2 to targetPath: ENOENT: no such file or directory, open '/Desktop/jobs-to-apply/QA/2024-08-13-QA-Postman-chunk-2.json'
Error saving chunk 3 to resultsPath: ENOENT: no such file or directory, open 'cypress/fixtures/QA/2024-08-13-QA-Postman-chunk-3.json'
Error saving chunk 3 to targetPath: ENOENT: no such file or directory, open '/Desktop/jobs-to-apply/QA/2024-08-13-QA-Postman-chunk-3.json'
Error saving chunk 4 to resultsPath: ENOENT: no such file or directory, open 'cypress/fixtures/QA/2024-08-13-QA-Postman-chunk-4.json'
Error saving chunk 4 to targetPath: ENOENT: no such file or directory, open '/Desktop/jobs-to-apply/QA/2024-08-13-QA-Postman-chunk-4.json'
Error saving chunk 5 to resultsPath: ENOENT: no such file or directory, open 'cypress/fixtures/QA/2024-08-13-QA-Postman-chunk-5.json'
Error saving chunk 5 to targetPath: ENOENT: no such file or directory, open '/Desktop/jobs-to-apply/QA/2024-08-13-QA-Postman-chunk-5.json'
Error saving chunk 1 to resultsPath: ENOENT: no such file or directory, open 'cypress/fixtures/QA/2024-08-13-QA-Quality_Engineer-chunk-1.json'
Error saving chunk 1 to targetPath: ENOENT: no such file or directory, open '/Desktop/jobs-to-apply/QA/2024-08-13-QA-Quality_Engineer-chunk-1.json'
Error saving chunk 2 to resultsPath: ENOENT: no such file or directory, open 'cypress/fixtures/QA/2024-08-13-QA-Quality_Engineer-chunk-2.json'
Error saving chunk 2 to targetPath: ENOENT: no such file or directory, open '/Desktop/jobs-to-apply/QA/2024-08-13-QA-Quality_Engineer-chunk-2.json'
Error saving chunk 3 to resultsPath: ENOENT: no such file or directory, open 'cypress/fixtures/QA/2024-08-13-QA-Quality_Engineer-chunk-3.json'
Error saving chunk 3 to targetPath: ENOENT: no such file or directory, open '/Desktop/jobs-to-apply/QA/2024-08-13-QA-Quality_Engineer-chunk-3.json'
Error saving chunk 4 to resultsPath: ENOENT: no such file or directory, open 'cypress/fixtures/QA/2024-08-13-QA-Quality_Engineer-chunk-4.json'
Error saving chunk 4 to targetPath: ENOENT: no such file or directory, open '/Desktop/jobs-to-apply/QA/2024-08-13-QA-Quality_Engineer-chunk-4.json'
Error saving chunk 5 to resultsPath: ENOENT: no such file or directory, open 'cypress/fixtures/QA/2024-08-13-QA-Quality_Engineer-chunk-5.json'
Error saving chunk 5 to targetPath: ENOENT: no such file or directory, open '/Desktop/jobs-to-apply/QA/2024-08-13-QA-Quality_Engineer-chunk-5.json'
Error saving chunk 1 to resultsPath: ENOENT: no such file or directory, open 'cypress/fixtures/QA/2024-08-13-QA-Selenium-chunk-1.json'
Error saving chunk 1 to targetPath: ENOENT: no such file or directory, open '/Desktop/jobs-to-apply/QA/2024-08-13-QA-Selenium-chunk-1.json'
Error saving chunk 2 to resultsPath: ENOENT: no such file or directory, open 'cypress/fixtures/QA/2024-08-13-QA-Selenium-chunk-2.json'
Error saving chunk 2 to targetPath: ENOENT: no such file or directory, open '/Desktop/jobs-to-apply/QA/2024-08-13-QA-Selenium-chunk-2.json'
Error saving chunk 3 to resultsPath: ENOENT: no such file or directory, open 'cypress/fixtures/QA/2024-08-13-QA-Selenium-chunk-3.json'
Error saving chunk 3 to targetPath: ENOENT: no such file or directory, open '/Desktop/jobs-to-apply/QA/2024-08-13-QA-Selenium-chunk-3.json'
Error saving chunk 4 to resultsPath: ENOENT: no such file or directory, open 'cypress/fixtures/QA/2024-08-13-QA-Selenium-chunk-4.json'
Error saving chunk 4 to targetPath: ENOENT: no such file or directory, open '/Desktop/jobs-to-apply/QA/2024-08-13-QA-Selenium-chunk-4.json'
Error saving chunk 5 to resultsPath: ENOENT: no such file or directory, open 'cypress/fixtures/QA/2024-08-13-QA-Selenium-chunk-5.json'
Error saving chunk 5 to targetPath: ENOENT: no such file or directory, open '/Desktop/jobs-to-apply/QA/2024-08-13-QA-Selenium-chunk-5.json'
Error saving chunk 1 to resultsPath: ENOENT: no such file or directory, open 'cypress/fixtures/QA/2024-08-13-QA-Appium-chunk-1.json'
Error saving chunk 1 to targetPath: ENOENT: no such file or directory, open '/Desktop/jobs-to-apply/QA/2024-08-13-QA-Appium-chunk-1.json'
Error saving chunk 2 to resultsPath: ENOENT: no such file or directory, open 'cypress/fixtures/QA/2024-08-13-QA-Appium-chunk-2.json'
Error saving chunk 2 to targetPath: ENOENT: no such file or directory, open '/Desktop/jobs-to-apply/QA/2024-08-13-QA-Appium-chunk-2.json'
Error saving chunk 3 to resultsPath: ENOENT: no such file or directory, open 'cypress/fixtures/QA/2024-08-13-QA-Appium-chunk-3.json'
Error saving chunk 3 to targetPath: ENOENT: no such file or directory, open '/Desktop/jobs-to-apply/QA/2024-08-13-QA-Appium-chunk-3.json'
Error saving chunk 4 to resultsPath: ENOENT: no such file or directory, open 'cypress/fixtures/QA/2024-08-13-QA-Appium-chunk-4.json'
Error saving chunk 4 to targetPath: ENOENT: no such file or directory, open '/Desktop/jobs-to-apply/QA/2024-08-13-QA-Appium-chunk-4.json'
Error saving chunk 5 to resultsPath: ENOENT: no such file or directory, open 'cypress/fixtures/QA/2024-08-13-QA-Appium-chunk-5.json'
Error saving chunk 5 to targetPath: ENOENT: no such file or directory, open '/Desktop/jobs-to-apply/QA/2024-08-13-QA-Appium-chunk-5.json'
Error saving chunk 1 to resultsPath: ENOENT: no such file or directory, open 'cypress/fixtures/QA/2024-08-13-QA-JMeter-chunk-1.json'
Error saving chunk 1 to targetPath: ENOENT: no such file or directory, open '/Desktop/jobs-to-apply/QA/2024-08-13-QA-JMeter-chunk-1.json'
Error saving chunk 2 to resultsPath: ENOENT: no such file or directory, open 'cypress/fixtures/QA/2024-08-13-QA-JMeter-chunk-2.json'
Error saving chunk 2 to targetPath: ENOENT: no such file or directory, open '/Desktop/jobs-to-apply/QA/2024-08-13-QA-JMeter-chunk-2.json'
Error saving chunk 3 to resultsPath: ENOENT: no such file or directory, open 'cypress/fixtures/QA/2024-08-13-QA-JMeter-chunk-3.json'
Error saving chunk 3 to targetPath: ENOENT: no such file or directory, open '/Desktop/jobs-to-apply/QA/2024-08-13-QA-JMeter-chunk-3.json'
Error saving chunk 4 to resultsPath: ENOENT: no such file or directory, open 'cypress/fixtures/QA/2024-08-13-QA-JMeter-chunk-4.json'
Error saving chunk 4 to targetPath: ENOENT: no such file or directory, open '/Desktop/jobs-to-apply/QA/2024-08-13-QA-JMeter-chunk-4.json'
Error saving chunk 5 to resultsPath: ENOENT: no such file or directory, open 'cypress/fixtures/QA/2024-08-13-QA-JMeter-chunk-5.json'
Error saving chunk 5 to targetPath: ENOENT: no such file or directory, open '/Desktop/jobs-to-apply/QA/2024-08-13-QA-JMeter-chunk-5.json'
Error saving chunk 1 to resultsPath: ENOENT: no such file or directory, open 'cypress/fixtures/QA/2024-08-13-QA-Cypress-chunk-1.json'
Error saving chunk 1 to targetPath: ENOENT: no such file or directory, open '/Desktop/jobs-to-apply/QA/2024-08-13-QA-Cypress-chunk-1.json'
Error saving chunk 2 to resultsPath: ENOENT: no such file or directory, open 'cypress/fixtures/QA/2024-08-13-QA-Cypress-chunk-2.json'
Error saving chunk 2 to targetPath: ENOENT: no such file or directory, open '/Desktop/jobs-to-apply/QA/2024-08-13-QA-Cypress-chunk-2.json'
Error saving chunk 3 to resultsPath: ENOENT: no such file or directory, open 'cypress/fixtures/QA/2024-08-13-QA-Cypress-chunk-3.json'
Error saving chunk 3 to targetPath: ENOENT: no such file or directory, open '/Desktop/jobs-to-apply/QA/2024-08-13-QA-Cypress-chunk-3.json'
Error saving chunk 4 to resultsPath: ENOENT: no such file or directory, open 'cypress/fixtures/QA/2024-08-13-QA-Cypress-chunk-4.json'
Error saving chunk 4 to targetPath: ENOENT: no such file or directory, open '/Desktop/jobs-to-apply/QA/2024-08-13-QA-Cypress-chunk-4.json'
Error saving chunk 5 to resultsPath: ENOENT: no such file or directory, open 'cypress/fixtures/QA/2024-08-13-QA-Cypress-chunk-5.json'
Error saving chunk 5 to targetPath: ENOENT: no such file or directory, open '/Desktop/jobs-to-apply/QA/2024-08-13-QA-Cypress-chunk-5.json'
Error saving chunk 1 to resultsPath: ENOENT: no such file or directory, open 'cypress/fixtures/QA/2024-08-13-QA-Postman-chunk-1.json'
Error saving chunk 1 to targetPath: ENOENT: no such file or directory, open '/Desktop/jobs-to-apply/QA/2024-08-13-QA-Postman-chunk-1.json'
Error saving chunk 2 to resultsPath: ENOENT: no such file or directory, open 'cypress/fixtures/QA/2024-08-13-QA-Postman-chunk-2.json'
Error saving chunk 2 to targetPath: ENOENT: no such file or directory, open '/Desktop/jobs-to-apply/QA/2024-08-13-QA-Postman-chunk-2.json'
Error saving chunk 3 to resultsPath: ENOENT: no such file or directory, open 'cypress/fixtures/QA/2024-08-13-QA-Postman-chunk-3.json'
Error saving chunk 3 to targetPath: ENOENT: no such file or directory, open '/Desktop/jobs-to-apply/QA/2024-08-13-QA-Postman-chunk-3.json'
Error saving chunk 4 to resultsPath: ENOENT: no such file or directory, open 'cypress/fixtures/QA/2024-08-13-QA-Postman-chunk-4.json'
Error saving chunk 4 to targetPath: ENOENT: no such file or directory, open '/Desktop/jobs-to-apply/QA/2024-08-13-QA-Postman-chunk-4.json'
Error saving chunk 5 to resultsPath: ENOENT: no such file or directory, open 'cypress/fixtures/QA/2024-08-13-QA-Postman-chunk-5.json'
Error saving chunk 5 to targetPath: ENOENT: no such file or directory, open '/Desktop/jobs-to-apply/QA/2024-08-13-QA-Postman-chunk-5.json'
Error saving chunk 1 to resultsPath: ENOENT: no such file or directory, open 'cypress/fixtures/QA/2024-08-13-QA-Quality_Engineer-chunk-1.json'
Error saving chunk 1 to targetPath: ENOENT: no such file or directory, open '/Desktop/jobs-to-apply/QA/2024-08-13-QA-Quality_Engineer-chunk-1.json'
Error saving chunk 2 to resultsPath: ENOENT: no such file or directory, open 'cypress/fixtures/QA/2024-08-13-QA-Quality_Engineer-chunk-2.json'
Error saving chunk 2 to targetPath: ENOENT: no such file or directory, open '/Desktop/jobs-to-apply/QA/2024-08-13-QA-Quality_Engineer-chunk-2.json'
Error saving chunk 3 to resultsPath: ENOENT: no such file or directory, open 'cypress/fixtures/QA/2024-08-13-QA-Quality_Engineer-chunk-3.json'
Error saving chunk 3 to targetPath: ENOENT: no such file or directory, open '/Desktop/jobs-to-apply/QA/2024-08-13-QA-Quality_Engineer-chunk-3.json'
Error saving chunk 4 to resultsPath: ENOENT: no such file or directory, open 'cypress/fixtures/QA/2024-08-13-QA-Quality_Engineer-chunk-4.json'
Error saving chunk 4 to targetPath: ENOENT: no such file or directory, open '/Desktop/jobs-to-apply/QA/2024-08-13-QA-Quality_Engineer-chunk-4.json'
Error saving chunk 5 to resultsPath: ENOENT: no such file or directory, open 'cypress/fixtures/QA/2024-08-13-QA-Quality_Engineer-chunk-5.json'
Error saving chunk 5 to targetPath: ENOENT: no such file or directory, open '/Desktop/jobs-to-apply/QA/2024-08-13-QA-Quality_Engineer-chunk-5.json'
Error saving chunk 1 to resultsPath: ENOENT: no such file or directory, open 'cypress/fixtures/QA/2024-08-13-QA-Selenium-chunk-1.json'
Error saving chunk 1 to targetPath: ENOENT: no such file or directory, open '/Desktop/jobs-to-apply/QA/2024-08-13-QA-Selenium-chunk-1.json'
Error saving chunk 2 to resultsPath: ENOENT: no such file or directory, open 'cypress/fixtures/QA/2024-08-13-QA-Selenium-chunk-2.json'
Error saving chunk 2 to targetPath: ENOENT: no such file or directory, open '/Desktop/jobs-to-apply/QA/2024-08-13-QA-Selenium-chunk-2.json'
Error saving chunk 3 to resultsPath: ENOENT: no such file or directory, open 'cypress/fixtures/QA/2024-08-13-QA-Selenium-chunk-3.json'
Error saving chunk 3 to targetPath: ENOENT: no such file or directory, open '/Desktop/jobs-to-apply/QA/2024-08-13-QA-Selenium-chunk-3.json'
Error saving chunk 4 to resultsPath: ENOENT: no such file or directory, open 'cypress/fixtures/QA/2024-08-13-QA-Selenium-chunk-4.json'
Error saving chunk 4 to targetPath: ENOENT: no such file or directory, open '/Desktop/jobs-to-apply/QA/2024-08-13-QA-Selenium-chunk-4.json'
Error saving chunk 5 to resultsPath: ENOENT: no such file or directory, open 'cypress/fixtures/QA/2024-08-13-QA-Selenium-chunk-5.json'
Error saving chunk 5 to targetPath: ENOENT: no such file or directory, open '/Desktop/jobs-to-apply/QA/2024-08-13-QA-Selenium-chunk-5.json'
Error saving chunk 1 to resultsPath: ENOENT: no such file or directory, open 'cypress/fixtures/QA/2024-08-13-QA-Selenium-chunk-1.json'
Error saving chunk 1 to targetPath: ENOENT: no such file or directory, open '/Desktop/jobs-to-apply/QA/2024-08-13-QA-Selenium-chunk-1.json'
Error saving chunk 2 to resultsPath: ENOENT: no such file or directory, open 'cypress/fixtures/QA/2024-08-13-QA-Selenium-chunk-2.json'
Error saving chunk 2 to targetPath: ENOENT: no such file or directory, open '/Desktop/jobs-to-apply/QA/2024-08-13-QA-Selenium-chunk-2.json'
Error saving chunk 3 to resultsPath: ENOENT: no such file or directory, open 'cypress/fixtures/QA/2024-08-13-QA-Selenium-chunk-3.json'
Error saving chunk 3 to targetPath: ENOENT: no such file or directory, open '/Desktop/jobs-to-apply/QA/2024-08-13-QA-Selenium-chunk-3.json'
Error saving chunk 4 to resultsPath: ENOENT: no such file or directory, open 'cypress/fixtures/QA/2024-08-13-QA-Selenium-chunk-4.json'
Error saving chunk 4 to targetPath: ENOENT: no such file or directory, open '/Desktop/jobs-to-apply/QA/2024-08-13-QA-Selenium-chunk-4.json'
Error saving chunk 5 to resultsPath: ENOENT: no such file or directory, open 'cypress/fixtures/QA/2024-08-13-QA-Selenium-chunk-5.json'
Error saving chunk 5 to targetPath: ENOENT: no such file or directory, open '/Desktop/jobs-to-apply/QA/2024-08-13-QA-Selenium-chunk-5.json'
Error saving chunk 1 to resultsPath: ENOENT: no such file or directory, open 'cypress/fixtures/QA/2024-08-13-QA-Appium-chunk-1.json'
Error saving chunk 1 to targetPath: ENOENT: no such file or directory, open '/Desktop/jobs-to-apply/QA/2024-08-13-QA-Appium-chunk-1.json'
Error saving chunk 2 to resultsPath: ENOENT: no such file or directory, open 'cypress/fixtures/QA/2024-08-13-QA-Appium-chunk-2.json'
Error saving chunk 2 to targetPath: ENOENT: no such file or directory, open '/Desktop/jobs-to-apply/QA/2024-08-13-QA-Appium-chunk-2.json'
Error saving chunk 3 to resultsPath: ENOENT: no such file or directory, open 'cypress/fixtures/QA/2024-08-13-QA-Appium-chunk-3.json'
Error saving chunk 3 to targetPath: ENOENT: no such file or directory, open '/Desktop/jobs-to-apply/QA/2024-08-13-QA-Appium-chunk-3.json'
Error saving chunk 4 to resultsPath: ENOENT: no such file or directory, open 'cypress/fixtures/QA/2024-08-13-QA-Appium-chunk-4.json'
Error saving chunk 4 to targetPath: ENOENT: no such file or directory, open '/Desktop/jobs-to-apply/QA/2024-08-13-QA-Appium-chunk-4.json'
Error saving chunk 5 to resultsPath: ENOENT: no such file or directory, open 'cypress/fixtures/QA/2024-08-13-QA-Appium-chunk-5.json'
Error saving chunk 5 to targetPath: ENOENT: no such file or directory, open '/Desktop/jobs-to-apply/QA/2024-08-13-QA-Appium-chunk-5.json'
Error saving chunk 1 to resultsPath: ENOENT: no such file or directory, open 'cypress/fixtures/QA/2024-08-13-QA-JMeter-chunk-1.json'
Error saving chunk 1 to targetPath: ENOENT: no such file or directory, open '/Desktop/jobs-to-apply/QA/2024-08-13-QA-JMeter-chunk-1.json'
Error saving chunk 2 to resultsPath: ENOENT: no such file or directory, open 'cypress/fixtures/QA/2024-08-13-QA-JMeter-chunk-2.json'
Error saving chunk 2 to targetPath: ENOENT: no such file or directory, open '/Desktop/jobs-to-apply/QA/2024-08-13-QA-JMeter-chunk-2.json'
Error saving chunk 3 to resultsPath: ENOENT: no such file or directory, open 'cypress/fixtures/QA/2024-08-13-QA-JMeter-chunk-3.json'
Error saving chunk 3 to targetPath: ENOENT: no such file or directory, open '/Desktop/jobs-to-apply/QA/2024-08-13-QA-JMeter-chunk-3.json'
Error saving chunk 4 to resultsPath: ENOENT: no such file or directory, open 'cypress/fixtures/QA/2024-08-13-QA-JMeter-chunk-4.json'
Error saving chunk 4 to targetPath: ENOENT: no such file or directory, open '/Desktop/jobs-to-apply/QA/2024-08-13-QA-JMeter-chunk-4.json'
Error saving chunk 5 to resultsPath: ENOENT: no such file or directory, open 'cypress/fixtures/QA/2024-08-13-QA-JMeter-chunk-5.json'
Error saving chunk 5 to targetPath: ENOENT: no such file or directory, open '/Desktop/jobs-to-apply/QA/2024-08-13-QA-JMeter-chunk-5.json'
Error saving chunk 1 to resultsPath: ENOENT: no such file or directory, open 'cypress/fixtures/QA/2024-08-13-QA-Cypress-chunk-1.json'
Error saving chunk 1 to targetPath: ENOENT: no such file or directory, open '/Desktop/jobs-to-apply/QA/2024-08-13-QA-Cypress-chunk-1.json'
Error saving chunk 2 to resultsPath: ENOENT: no such file or directory, open 'cypress/fixtures/QA/2024-08-13-QA-Cypress-chunk-2.json'
Error saving chunk 2 to targetPath: ENOENT: no such file or directory, open '/Desktop/jobs-to-apply/QA/2024-08-13-QA-Cypress-chunk-2.json'
Error saving chunk 3 to resultsPath: ENOENT: no such file or directory, open 'cypress/fixtures/QA/2024-08-13-QA-Cypress-chunk-3.json'
Error saving chunk 3 to targetPath: ENOENT: no such file or directory, open '/Desktop/jobs-to-apply/QA/2024-08-13-QA-Cypress-chunk-3.json'
Error saving chunk 4 to resultsPath: ENOENT: no such file or directory, open 'cypress/fixtures/QA/2024-08-13-QA-Cypress-chunk-4.json'
Error saving chunk 4 to targetPath: ENOENT: no such file or directory, open '/Desktop/jobs-to-apply/QA/2024-08-13-QA-Cypress-chunk-4.json'
Error saving chunk 5 to resultsPath: ENOENT: no such file or directory, open 'cypress/fixtures/QA/2024-08-13-QA-Cypress-chunk-5.json'
Error saving chunk 5 to targetPath: ENOENT: no such file or directory, open '/Desktop/jobs-to-apply/QA/2024-08-13-QA-Cypress-chunk-5.json'
Error saving chunk 1 to resultsPath: ENOENT: no such file or directory, open 'cypress/fixtures/QA/2024-08-13-QA-Postman-chunk-1.json'
Error saving chunk 1 to targetPath: ENOENT: no such file or directory, open '/Desktop/jobs-to-apply/QA/2024-08-13-QA-Postman-chunk-1.json'
Error saving chunk 2 to resultsPath: ENOENT: no such file or directory, open 'cypress/fixtures/QA/2024-08-13-QA-Postman-chunk-2.json'
Error saving chunk 2 to targetPath: ENOENT: no such file or directory, open '/Desktop/jobs-to-apply/QA/2024-08-13-QA-Postman-chunk-2.json'
Error saving chunk 3 to resultsPath: ENOENT: no such file or directory, open 'cypress/fixtures/QA/2024-08-13-QA-Postman-chunk-3.json'
Error saving chunk 3 to targetPath: ENOENT: no such file or directory, open '/Desktop/jobs-to-apply/QA/2024-08-13-QA-Postman-chunk-3.json'
Error saving chunk 4 to resultsPath: ENOENT: no such file or directory, open 'cypress/fixtures/QA/2024-08-13-QA-Postman-chunk-4.json'
Error saving chunk 4 to targetPath: ENOENT: no such file or directory, open '/Desktop/jobs-to-apply/QA/2024-08-13-QA-Postman-chunk-4.json'
Error saving chunk 5 to resultsPath: ENOENT: no such file or directory, open 'cypress/fixtures/QA/2024-08-13-QA-Postman-chunk-5.json'
Error saving chunk 5 to targetPath: ENOENT: no such file or directory, open '/Desktop/jobs-to-apply/QA/2024-08-13-QA-Postman-chunk-5.json'
Error saving chunk 1 to resultsPath: ENOENT: no such file or directory, open 'cypress/fixtures/QA/2024-08-13-QA-Quality_Engineer-chunk-1.json'
Error saving chunk 1 to targetPath: ENOENT: no such file or directory, open '/Desktop/jobs-to-apply/QA/2024-08-13-QA-Quality_Engineer-chunk-1.json'
Error saving chunk 2 to resultsPath: ENOENT: no such file or directory, open 'cypress/fixtures/QA/2024-08-13-QA-Quality_Engineer-chunk-2.json'
Error saving chunk 2 to targetPath: ENOENT: no such file or directory, open '/Desktop/jobs-to-apply/QA/2024-08-13-QA-Quality_Engineer-chunk-2.json'
Error saving chunk 3 to resultsPath: ENOENT: no such file or directory, open 'cypress/fixtures/QA/2024-08-13-QA-Quality_Engineer-chunk-3.json'
Error saving chunk 3 to targetPath: ENOENT: no such file or directory, open '/Desktop/jobs-to-apply/QA/2024-08-13-QA-Quality_Engineer-chunk-3.json'
Error saving chunk 4 to resultsPath: ENOENT: no such file or directory, open 'cypress/fixtures/QA/2024-08-13-QA-Quality_Engineer-chunk-4.json'
Error saving chunk 4 to targetPath: ENOENT: no such file or directory, open '/Desktop/jobs-to-apply/QA/2024-08-13-QA-Quality_Engineer-chunk-4.json'
Error saving chunk 5 to resultsPath: ENOENT: no such file or directory, open 'cypress/fixtures/QA/2024-08-13-QA-Quality_Engineer-chunk-5.json'
Error saving chunk 5 to targetPath: ENOENT: no such file or directory, open '/Desktop/jobs-to-apply/QA/2024-08-13-QA-Quality_Engineer-chunk-5.json'
Error saving chunk 1 to resultsPath: ENOENT: no such file or directory, open 'cypress/fixtures/UI/2024-08-13-UI-Frontend_Engineer-chunk-1.json'
Error saving chunk 1 to targetPath: ENOENT: no such file or directory, open '/Desktop/jobs-to-apply/UI/2024-08-13-UI-Frontend_Engineer-chunk-1.json'
Error saving chunk 2 to resultsPath: ENOENT: no such file or directory, open 'cypress/fixtures/UI/2024-08-13-UI-Frontend_Engineer-chunk-2.json'
Error saving chunk 2 to targetPath: ENOENT: no such file or directory, open '/Desktop/jobs-to-apply/UI/2024-08-13-UI-Frontend_Engineer-chunk-2.json'
Error saving chunk 3 to resultsPath: ENOENT: no such file or directory, open 'cypress/fixtures/UI/2024-08-13-UI-Frontend_Engineer-chunk-3.json'
Error saving chunk 3 to targetPath: ENOENT: no such file or directory, open '/Desktop/jobs-to-apply/UI/2024-08-13-UI-Frontend_Engineer-chunk-3.json'
Error saving chunk 4 to resultsPath: ENOENT: no such file or directory, open 'cypress/fixtures/UI/2024-08-13-UI-Frontend_Engineer-chunk-4.json'
Error saving chunk 4 to targetPath: ENOENT: no such file or directory, open '/Desktop/jobs-to-apply/UI/2024-08-13-UI-Frontend_Engineer-chunk-4.json'
Error saving chunk 5 to resultsPath: ENOENT: no such file or directory, open 'cypress/fixtures/UI/2024-08-13-UI-Frontend_Engineer-chunk-5.json'
Error saving chunk 5 to targetPath: ENOENT: no such file or directory, open '/Desktop/jobs-to-apply/UI/2024-08-13-UI-Frontend_Engineer-chunk-5.json'
Error saving chunk 1 to resultsPath: ENOENT: no such file or directory, open 'cypress/fixtures/UI/2024-08-13-UI-React-chunk-1.json'
Error saving chunk 1 to targetPath: ENOENT: no such file or directory, open '/Desktop/jobs-to-apply/UI/2024-08-13-UI-React-chunk-1.json'
Error saving chunk 2 to resultsPath: ENOENT: no such file or directory, open 'cypress/fixtures/UI/2024-08-13-UI-React-chunk-2.json'
Error saving chunk 2 to targetPath: ENOENT: no such file or directory, open '/Desktop/jobs-to-apply/UI/2024-08-13-UI-React-chunk-2.json'
Error saving chunk 3 to resultsPath: ENOENT: no such file or directory, open 'cypress/fixtures/UI/2024-08-13-UI-React-chunk-3.json'
Error saving chunk 3 to targetPath: ENOENT: no such file or directory, open '/Desktop/jobs-to-apply/UI/2024-08-13-UI-React-chunk-3.json'
Error saving chunk 4 to resultsPath: ENOENT: no such file or directory, open 'cypress/fixtures/UI/2024-08-13-UI-React-chunk-4.json'
Error saving chunk 4 to targetPath: ENOENT: no such file or directory, open '/Desktop/jobs-to-apply/UI/2024-08-13-UI-React-chunk-4.json'
Error saving chunk 5 to resultsPath: ENOENT: no such file or directory, open 'cypress/fixtures/UI/2024-08-13-UI-React-chunk-5.json'
Error saving chunk 5 to targetPath: ENOENT: no such file or directory, open '/Desktop/jobs-to-apply/UI/2024-08-13-UI-React-chunk-5.json'
Error saving chunk 6 to resultsPath: ENOENT: no such file or directory, open 'cypress/fixtures/UI/2024-08-13-UI-React-chunk-6.json'
Error saving chunk 6 to targetPath: ENOENT: no such file or directory, open '/Desktop/jobs-to-apply/UI/2024-08-13-UI-React-chunk-6.json'
Error saving chunk 1 to resultsPath: ENOENT: no such file or directory, open 'cypress/fixtures/UI/2024-08-13-UI-Angular-chunk-1.json'
Error saving chunk 1 to targetPath: ENOENT: no such file or directory, open '/Desktop/jobs-to-apply/UI/2024-08-13-UI-Angular-chunk-1.json'
Error saving chunk 2 to resultsPath: ENOENT: no such file or directory, open 'cypress/fixtures/UI/2024-08-13-UI-Angular-chunk-2.json'
Error saving chunk 2 to targetPath: ENOENT: no such file or directory, open '/Desktop/jobs-to-apply/UI/2024-08-13-UI-Angular-chunk-2.json'
Error saving chunk 3 to resultsPath: ENOENT: no such file or directory, open 'cypress/fixtures/UI/2024-08-13-UI-Angular-chunk-3.json'
Error saving chunk 3 to targetPath: ENOENT: no such file or directory, open '/Desktop/jobs-to-apply/UI/2024-08-13-UI-Angular-chunk-3.json'
Error saving chunk 4 to resultsPath: ENOENT: no such file or directory, open 'cypress/fixtures/UI/2024-08-13-UI-Angular-chunk-4.json'
Error saving chunk 4 to targetPath: ENOENT: no such file or directory, open '/Desktop/jobs-to-apply/UI/2024-08-13-UI-Angular-chunk-4.json'
Error saving chunk 5 to resultsPath: ENOENT: no such file or directory, open 'cypress/fixtures/UI/2024-08-13-UI-Angular-chunk-5.json'
Error saving chunk 5 to targetPath: ENOENT: no such file or directory, open '/Desktop/jobs-to-apply/UI/2024-08-13-UI-Angular-chunk-5.json'
Error saving chunk 6 to resultsPath: ENOENT: no such file or directory, open 'cypress/fixtures/UI/2024-08-13-UI-Angular-chunk-6.json'
Error saving chunk 6 to targetPath: ENOENT: no such file or directory, open '/Desktop/jobs-to-apply/UI/2024-08-13-UI-Angular-chunk-6.json'
Error saving chunk 1 to targetPath: ENOENT: no such file or directory, open '/Desktop/jobs-to-apply/QA/2024-08-13-QA-Selenium-chunk-1.json'
Error saving chunk 2 to targetPath: ENOENT: no such file or directory, open '/Desktop/jobs-to-apply/QA/2024-08-13-QA-Selenium-chunk-2.json'
Error saving chunk 3 to targetPath: ENOENT: no such file or directory, open '/Desktop/jobs-to-apply/QA/2024-08-13-QA-Selenium-chunk-3.json'
Error saving chunk 4 to targetPath: ENOENT: no such file or directory, open '/Desktop/jobs-to-apply/QA/2024-08-13-QA-Selenium-chunk-4.json'
Error saving chunk 5 to targetPath: ENOENT: no such file or directory, open '/Desktop/jobs-to-apply/QA/2024-08-13-QA-Selenium-chunk-5.json'
Error saving chunk 1 to targetPath: ENOENT: no such file or directory, open '/Desktop/jobs-to-apply/QA/2024-08-13-QA-Appium-chunk-1.json'
Error saving chunk 2 to targetPath: ENOENT: no such file or directory, open '/Desktop/jobs-to-apply/QA/2024-08-13-QA-Appium-chunk-2.json'
Error saving chunk 3 to targetPath: ENOENT: no such file or directory, open '/Desktop/jobs-to-apply/QA/2024-08-13-QA-Appium-chunk-3.json'
Error saving chunk 4 to targetPath: ENOENT: no such file or directory, open '/Desktop/jobs-to-apply/QA/2024-08-13-QA-Appium-chunk-4.json'
Error saving chunk 5 to targetPath: ENOENT: no such file or directory, open '/Desktop/jobs-to-apply/QA/2024-08-13-QA-Appium-chunk-5.json'
Error saving chunk 1 to targetPath: ENOENT: no such file or directory, open '/Desktop/jobs-to-apply/QA/2024-08-13-QA-JMeter-chunk-1.json'
Error saving chunk 2 to targetPath: ENOENT: no such file or directory, open '/Desktop/jobs-to-apply/QA/2024-08-13-QA-JMeter-chunk-2.json'
Error saving chunk 3 to targetPath: ENOENT: no such file or directory, open '/Desktop/jobs-to-apply/QA/2024-08-13-QA-JMeter-chunk-3.json'
Error saving chunk 4 to targetPath: ENOENT: no such file or directory, open '/Desktop/jobs-to-apply/QA/2024-08-13-QA-JMeter-chunk-4.json'
Error saving chunk 5 to targetPath: ENOENT: no such file or directory, open '/Desktop/jobs-to-apply/QA/2024-08-13-QA-JMeter-chunk-5.json'
Error saving chunk 1 to targetPath: ENOENT: no such file or directory, open '/Desktop/jobs-to-apply/QA/2024-08-13-QA-Cypress-chunk-1.json'
Error saving chunk 2 to targetPath: ENOENT: no such file or directory, open '/Desktop/jobs-to-apply/QA/2024-08-13-QA-Cypress-chunk-2.json'
Error saving chunk 3 to targetPath: ENOENT: no such file or directory, open '/Desktop/jobs-to-apply/QA/2024-08-13-QA-Cypress-chunk-3.json'
Error saving chunk 4 to targetPath: ENOENT: no such file or directory, open '/Desktop/jobs-to-apply/QA/2024-08-13-QA-Cypress-chunk-4.json'
Error saving chunk 5 to targetPath: ENOENT: no such file or directory, open '/Desktop/jobs-to-apply/QA/2024-08-13-QA-Cypress-chunk-5.json'
Error saving chunk 1 to targetPath: ENOENT: no such file or directory, open '/Desktop/jobs-to-apply/QA/2024-08-13-QA-Postman-chunk-1.json'
Error saving chunk 2 to targetPath: ENOENT: no such file or directory, open '/Desktop/jobs-to-apply/QA/2024-08-13-QA-Postman-chunk-2.json'
Error saving chunk 3 to targetPath: ENOENT: no such file or directory, open '/Desktop/jobs-to-apply/QA/2024-08-13-QA-Postman-chunk-3.json'
Error saving chunk 4 to targetPath: ENOENT: no such file or directory, open '/Desktop/jobs-to-apply/QA/2024-08-13-QA-Postman-chunk-4.json'
Error saving chunk 5 to targetPath: ENOENT: no such file or directory, open '/Desktop/jobs-to-apply/QA/2024-08-13-QA-Postman-chunk-5.json'
Error saving chunk 1 to targetPath: ENOENT: no such file or directory, open '/Desktop/jobs-to-apply/QA/2024-08-13-QA-Quality_Engineer-chunk-1.json'
Error saving chunk 2 to targetPath: ENOENT: no such file or directory, open '/Desktop/jobs-to-apply/QA/2024-08-13-QA-Quality_Engineer-chunk-2.json'
Error saving chunk 3 to targetPath: ENOENT: no such file or directory, open '/Desktop/jobs-to-apply/QA/2024-08-13-QA-Quality_Engineer-chunk-3.json'
Error saving chunk 4 to targetPath: ENOENT: no such file or directory, open '/Desktop/jobs-to-apply/QA/2024-08-13-QA-Quality_Engineer-chunk-4.json'
Error saving chunk 5 to targetPath: ENOENT: no such file or directory, open '/Desktop/jobs-to-apply/QA/2024-08-13-QA-Quality_Engineer-chunk-5.json'
Error saving chunk 1 to targetPath: ENOENT: no such file or directory, open '/Desktop/jobs-to-apply/UI/2024-08-13-UI-Frontend_Engineer-chunk-1.json'
Error saving chunk 2 to targetPath: ENOENT: no such file or directory, open '/Desktop/jobs-to-apply/UI/2024-08-13-UI-Frontend_Engineer-chunk-2.json'
Error saving chunk 3 to targetPath: ENOENT: no such file or directory, open '/Desktop/jobs-to-apply/UI/2024-08-13-UI-Frontend_Engineer-chunk-3.json'
Error saving chunk 4 to targetPath: ENOENT: no such file or directory, open '/Desktop/jobs-to-apply/UI/2024-08-13-UI-Frontend_Engineer-chunk-4.json'
Error saving chunk 5 to targetPath: ENOENT: no such file or directory, open '/Desktop/jobs-to-apply/UI/2024-08-13-UI-Frontend_Engineer-chunk-5.json'
Error saving chunk 1 to file: ENOENT: no such file or directory, mkdir '/Desktop/jobs-to-apply/QA'
Error saving chunk 2 to file: ENOENT: no such file or directory, mkdir '/Desktop/jobs-to-apply/QA'
Error saving chunk 3 to file: ENOENT: no such file or directory, mkdir '/Desktop/jobs-to-apply/QA'
Error saving chunk 4 to file: ENOENT: no such file or directory, mkdir '/Desktop/jobs-to-apply/QA'
Error saving chunk 5 to file: ENOENT: no such file or directory, mkdir '/Desktop/jobs-to-apply/QA'
Error saving chunk 1 to file: ENOENT: no such file or directory, mkdir '/Desktop/jobs-to-apply/QA'
Error saving chunk 2 to file: ENOENT: no such file or directory, mkdir '/Desktop/jobs-to-apply/QA'
Error saving chunk 3 to file: ENOENT: no such file or directory, mkdir '/Desktop/jobs-to-apply/QA'
Error saving chunk 4 to file: ENOENT: no such file or directory, mkdir '/Desktop/jobs-to-apply/QA'
Error saving chunk 5 to file: ENOENT: no such file or directory, mkdir '/Desktop/jobs-to-apply/QA'
Error saving chunk 1 to file: ENOENT: no such file or directory, mkdir '/Desktop/jobs-to-apply/QA'
Error saving chunk 2 to file: ENOENT: no such file or directory, mkdir '/Desktop/jobs-to-apply/QA'
Error saving chunk 3 to file: ENOENT: no such file or directory, mkdir '/Desktop/jobs-to-apply/QA'
Error saving chunk 4 to file: ENOENT: no such file or directory, mkdir '/Desktop/jobs-to-apply/QA'
Error saving chunk 5 to file: ENOENT: no such file or directory, mkdir '/Desktop/jobs-to-apply/QA'
Error saving chunk 1 to file: ENOENT: no such file or directory, mkdir '/Desktop/jobs-to-apply/QA'
Error saving chunk 2 to file: ENOENT: no such file or directory, mkdir '/Desktop/jobs-to-apply/QA'
Error saving chunk 3 to file: ENOENT: no such file or directory, mkdir '/Desktop/jobs-to-apply/QA'
Error saving chunk 4 to file: ENOENT: no such file or directory, mkdir '/Desktop/jobs-to-apply/QA'
Error saving chunk 5 to file: ENOENT: no such file or directory, mkdir '/Desktop/jobs-to-apply/QA'
Error saving chunk 1 to file: ENOENT: no such file or directory, mkdir '/Desktop/jobs-to-apply/QA'
Error saving chunk 2 to file: ENOENT: no such file or directory, mkdir '/Desktop/jobs-to-apply/QA'
Error saving chunk 3 to file: ENOENT: no such file or directory, mkdir '/Desktop/jobs-to-apply/QA'
Error saving chunk 4 to file: ENOENT: no such file or directory, mkdir '/Desktop/jobs-to-apply/QA'
Error saving chunk 5 to file: ENOENT: no such file or directory, mkdir '/Desktop/jobs-to-apply/QA'
Error saving chunk 1 to file: ENOENT: no such file or directory, mkdir '/Desktop/jobs-to-apply/QA'
Error saving chunk 2 to file: ENOENT: no such file or directory, mkdir '/Desktop/jobs-to-apply/QA'
Error saving chunk 3 to file: ENOENT: no such file or directory, mkdir '/Desktop/jobs-to-apply/QA'
Error saving chunk 4 to file: ENOENT: no such file or directory, mkdir '/Desktop/jobs-to-apply/QA'
Error saving chunk 5 to file: ENOENT: no such file or directory, mkdir '/Desktop/jobs-to-apply/QA'
Error saving chunk 1 to file: ENOENT: no such file or directory, mkdir '/Desktop/jobs-to-apply/UI'
Error saving chunk 2 to file: ENOENT: no such file or directory, mkdir '/Desktop/jobs-to-apply/UI'
Error saving chunk 3 to file: ENOENT: no such file or directory, mkdir '/Desktop/jobs-to-apply/UI'
Error saving chunk 4 to file: ENOENT: no such file or directory, mkdir '/Desktop/jobs-to-apply/UI'
Error saving chunk 5 to file: ENOENT: no such file or directory, mkdir '/Desktop/jobs-to-apply/UI'
Error saving chunk 1 to file: ENOENT: no such file or directory, mkdir '/Desktop/jobs-to-apply/UI'
Error saving chunk 2 to file: ENOENT: no such file or directory, mkdir '/Desktop/jobs-to-apply/UI'
Error saving chunk 3 to file: ENOENT: no such file or directory, mkdir '/Desktop/jobs-to-apply/UI'
Error saving chunk 4 to file: ENOENT: no such file or directory, mkdir '/Desktop/jobs-to-apply/UI'
Error saving chunk 5 to file: ENOENT: no such file or directory, mkdir '/Desktop/jobs-to-apply/UI'
Error saving chunk 6 to file: ENOENT: no such file or directory, mkdir '/Desktop/jobs-to-apply/UI'
Error saving chunk 1 to file: ENOENT: no such file or directory, mkdir '/Desktop/jobs-to-apply/UI'
Error saving chunk 2 to file: ENOENT: no such file or directory, mkdir '/Desktop/jobs-to-apply/UI'
Error saving chunk 3 to file: ENOENT: no such file or directory, mkdir '/Desktop/jobs-to-apply/UI'
Error saving chunk 4 to file: ENOENT: no such file or directory, mkdir '/Desktop/jobs-to-apply/UI'
Error saving chunk 5 to file: ENOENT: no such file or directory, mkdir '/Desktop/jobs-to-apply/UI'
Error saving chunk 6 to file: ENOENT: no such file or directory, mkdir '/Desktop/jobs-to-apply/UI'
Error saving chunk 1 to file: ENOENT: no such file or directory, mkdir '/Desktop/jobs-to-apply/QA'
Error saving chunk 2 to file: ENOENT: no such file or directory, mkdir '/Desktop/jobs-to-apply/QA'
Error saving chunk 3 to file: ENOENT: no such file or directory, mkdir '/Desktop/jobs-to-apply/QA'
Error saving chunk 4 to file: ENOENT: no such file or directory, mkdir '/Desktop/jobs-to-apply/QA'
Error saving chunk 5 to file: ENOENT: no such file or directory, mkdir '/Desktop/jobs-to-apply/QA'
Error saving chunk 1 to file: ENOENT: no such file or directory, mkdir '/Desktop/jobs-to-apply/QA'
Error saving chunk 2 to file: ENOENT: no such file or directory, mkdir '/Desktop/jobs-to-apply/QA'
Error saving chunk 3 to file: ENOENT: no such file or directory, mkdir '/Desktop/jobs-to-apply/QA'
Error saving chunk 4 to file: ENOENT: no such file or directory, mkdir '/Desktop/jobs-to-apply/QA'
Error saving chunk 5 to file: ENOENT: no such file or directory, mkdir '/Desktop/jobs-to-apply/QA'
Error saving chunk 1 to file: ENOENT: no such file or directory, mkdir '/Desktop/jobs-to-apply/QA'
Error saving chunk 2 to file: ENOENT: no such file or directory, mkdir '/Desktop/jobs-to-apply/QA'
Error saving chunk 3 to file: ENOENT: no such file or directory, mkdir '/Desktop/jobs-to-apply/QA'
Error saving chunk 4 to file: ENOENT: no such file or directory, mkdir '/Desktop/jobs-to-apply/QA'
Error saving chunk 5 to file: ENOENT: no such file or directory, mkdir '/Desktop/jobs-to-apply/QA'
Error saving chunk 1 to file: ENOENT: no such file or directory, mkdir '/Desktop/jobs-to-apply/QA'
Error saving chunk 2 to file: ENOENT: no such file or directory, mkdir '/Desktop/jobs-to-apply/QA'
Error saving chunk 3 to file: ENOENT: no such file or directory, mkdir '/Desktop/jobs-to-apply/QA'
Error saving chunk 4 to file: ENOENT: no such file or directory, mkdir '/Desktop/jobs-to-apply/QA'
Error saving chunk 5 to file: ENOENT: no such file or directory, mkdir '/Desktop/jobs-to-apply/QA'
Error saving chunk 1 to file: ENOENT: no such file or directory, mkdir '/Desktop/jobs-to-apply/QA'
Error saving chunk 2 to file: ENOENT: no such file or directory, mkdir '/Desktop/jobs-to-apply/QA'
Error saving chunk 3 to file: ENOENT: no such file or directory, mkdir '/Desktop/jobs-to-apply/QA'
Error saving chunk 4 to file: ENOENT: no such file or directory, mkdir '/Desktop/jobs-to-apply/QA'
Error saving chunk 5 to file: ENOENT: no such file or directory, mkdir '/Desktop/jobs-to-apply/QA'
Error saving chunk 1 to targetPath: ENOENT: no such file or directory, mkdir '/Desktop/jobs-to-apply/QA'
Error saving chunk 2 to targetPath: ENOENT: no such file or directory, mkdir '/Desktop/jobs-to-apply/QA'
Error saving chunk 3 to targetPath: ENOENT: no such file or directory, mkdir '/Desktop/jobs-to-apply/QA'
Error saving chunk 4 to targetPath: ENOENT: no such file or directory, mkdir '/Desktop/jobs-to-apply/QA'
Error saving chunk 5 to targetPath: ENOENT: no such file or directory, mkdir '/Desktop/jobs-to-apply/QA'
Error saving chunk 1 to targetPath: ENOENT: no such file or directory, mkdir '/Desktop/jobs-to-apply/QA'
Error saving chunk 2 to targetPath: ENOENT: no such file or directory, mkdir '/Desktop/jobs-to-apply/QA'
Error saving chunk 3 to targetPath: ENOENT: no such file or directory, mkdir '/Desktop/jobs-to-apply/QA'
Error saving chunk 4 to targetPath: ENOENT: no such file or directory, mkdir '/Desktop/jobs-to-apply/QA'
Error saving chunk 5 to targetPath: ENOENT: no such file or directory, mkdir '/Desktop/jobs-to-apply/QA'
Error saving chunk 1 to targetPath: ENOENT: no such file or directory, mkdir '/Desktop/jobs-to-apply/QA'
Error saving chunk 2 to targetPath: ENOENT: no such file or directory, mkdir '/Desktop/jobs-to-apply/QA'
Error saving chunk 3 to targetPath: ENOENT: no such file or directory, mkdir '/Desktop/jobs-to-apply/QA'
Error saving chunk 4 to targetPath: ENOENT: no such file or directory, mkdir '/Desktop/jobs-to-apply/QA'
Error saving chunk 5 to targetPath: ENOENT: no such file or directory, mkdir '/Desktop/jobs-to-apply/QA'
